2022-01-26 15:05:52,291 INFO org.springframework.boot.StartupInfoLogger [restartedMain] Starting Application using Java 11.0.13 on pop-os with PID 27173 (/home/aliocha/Workspace/M2S1/Project-DEVREP-2021/backend/target/classes started by aliocha in /home/aliocha/Workspace/M2S1/Project-DEVREP-2021/backend)
2022-01-26 15:05:52,294 INFO org.springframework.boot.SpringApplication [restartedMain] No active profile set, falling back to default profiles: default
2022-01-26 15:05:52,435 INFO org.springframework.boot.logging.DeferredLog [restartedMain] Devtools property defaults active! Set 'spring.devtools.add-properties' to 'false' to disable
2022-01-26 15:05:52,436 INFO org.springframework.boot.logging.DeferredLog [restartedMain] For additional web related logging consider setting the 'logging.level.web' property to 'DEBUG'
2022-01-26 15:05:55,460 INFO org.springframework.data.repository.config.RepositoryConfigurationDelegate [restartedMain] Bootstrapping Spring Data JPA repositories in DEFAULT mode.
2022-01-26 15:05:55,642 INFO org.springframework.data.repository.config.RepositoryConfigurationDelegate [restartedMain] Finished Spring Data repository scanning in 153 ms. Found 1 JPA repository interfaces.
2022-01-26 15:05:57,944 INFO org.springframework.boot.web.embedded.tomcat.TomcatWebServer [restartedMain] Tomcat initialized with port(s): 8082 (http)
2022-01-26 15:05:57,958 INFO org.apache.juli.logging.DirectJDKLog [restartedMain] Initializing ProtocolHandler ["http-nio-8082"]
2022-01-26 15:05:57,960 INFO org.apache.juli.logging.DirectJDKLog [restartedMain] Starting service [Tomcat]
2022-01-26 15:05:57,961 INFO org.apache.juli.logging.DirectJDKLog [restartedMain] Starting Servlet engine: [Apache Tomcat/9.0.55]
2022-01-26 15:05:58,139 INFO org.apache.juli.logging.DirectJDKLog [restartedMain] Initializing Spring embedded WebApplicationContext
2022-01-26 15:05:58,139 INFO org.springframework.boot.web.servlet.context.ServletWebServerApplicationContext [restartedMain] Root WebApplicationContext: initialization completed in 5701 ms
2022-01-26 15:05:58,857 INFO org.hibernate.jpa.internal.util.LogHelper [restartedMain] HHH000204: Processing PersistenceUnitInfo [name: default]
2022-01-26 15:05:59,125 INFO org.hibernate.Version [restartedMain] HHH000412: Hibernate ORM core version 5.6.1.Final
2022-01-26 15:05:59,754 INFO org.hibernate.annotations.common.reflection.java.JavaReflectionManager [restartedMain] HCANN000001: Hibernate Commons Annotations {5.1.2.Final}
2022-01-26 15:06:00,074 INFO com.zaxxer.hikari.HikariDataSource [restartedMain] HikariPool-1 - Starting...
2022-01-26 15:06:00,599 INFO com.zaxxer.hikari.HikariDataSource [restartedMain] HikariPool-1 - Start completed.
2022-01-26 15:06:00,662 INFO org.hibernate.dialect.Dialect [restartedMain] HHH000400: Using dialect: org.hibernate.dialect.MySQL5InnoDBDialect
2022-01-26 15:06:02,870 INFO org.hibernate.engine.transaction.jta.platform.internal.JtaPlatformInitiator [restartedMain] HHH000490: Using JtaPlatform implementation: [org.hibernate.engine.transaction.jta.platform.internal.NoJtaPlatform]
2022-01-26 15:06:02,910 INFO org.springframework.orm.jpa.AbstractEntityManagerFactoryBean [restartedMain] Initialized JPA EntityManagerFactory for persistence unit 'default'
2022-01-26 15:06:03,132 WARN org.springframework.boot.autoconfigure.orm.jpa.JpaBaseConfiguration$JpaWebConfiguration [restartedMain] spring.jpa.open-in-view is enabled by default. Therefore, database queries may be performed during view rendering. Explicitly configure spring.jpa.open-in-view to disable this warning
2022-01-26 15:06:04,484 INFO org.springframework.boot.autoconfigure.security.servlet.UserDetailsServiceAutoConfiguration [restartedMain] 

Using generated security password: aa497316-3203-42ef-8b25-27bf7dbb2896

2022-01-26 15:06:04,983 INFO org.springframework.boot.autoconfigure.web.servlet.WelcomePageHandlerMapping [restartedMain] Adding welcome page: class path resource [public/index.html]
2022-01-26 15:06:05,253 INFO org.springframework.security.web.DefaultSecurityFilterChain [restartedMain] Will secure any request with [org.springframework.security.web.context.request.async.WebAsyncManagerIntegrationFilter@4ca497c0, org.springframework.security.web.context.SecurityContextPersistenceFilter@6df3af3a, org.springframework.security.web.header.HeaderWriterFilter@33caf8c2, org.springframework.web.filter.CorsFilter@3228cb6b, org.springframework.security.web.authentication.logout.LogoutFilter@15ad7b88, org.springframework.security.web.authentication.www.BasicAuthenticationFilter@36e83fdd, org.springframework.security.web.savedrequest.RequestCacheAwareFilter@26970ada, org.springframework.security.web.servletapi.SecurityContextHolderAwareRequestFilter@4359a412, org.springframework.security.web.authentication.AnonymousAuthenticationFilter@6daf9729, org.springframework.security.web.session.SessionManagementFilter@3f78caa4, org.springframework.security.web.access.ExceptionTranslationFilter@24860d37, org.springframework.security.web.access.intercept.FilterSecurityInterceptor@59adfcf5]
2022-01-26 15:06:06,087 INFO org.springframework.boot.devtools.autoconfigure.OptionalLiveReloadServer [restartedMain] LiveReload server is running on port 35729
2022-01-26 15:06:06,131 INFO org.apache.juli.logging.DirectJDKLog [restartedMain] Starting ProtocolHandler ["http-nio-8082"]
2022-01-26 15:06:06,205 INFO org.springframework.boot.web.embedded.tomcat.TomcatWebServer [restartedMain] Tomcat started on port(s): 8082 (http) with context path ''
2022-01-26 15:06:06,236 INFO org.springframework.boot.StartupInfoLogger [restartedMain] Started Application in 15.637 seconds (JVM running for 18.156)
2022-01-26 15:20:40,463 INFO org.springframework.orm.jpa.AbstractEntityManagerFactoryBean [SpringApplicationShutdownHook] Closing JPA EntityManagerFactory for persistence unit 'default'
2022-01-26 15:20:40,468 INFO com.zaxxer.hikari.HikariDataSource [SpringApplicationShutdownHook] HikariPool-1 - Shutdown initiated...
2022-01-26 15:20:40,478 INFO com.zaxxer.hikari.HikariDataSource [SpringApplicationShutdownHook] HikariPool-1 - Shutdown completed.
2022-01-26 15:25:49,143 INFO org.springframework.boot.StartupInfoLogger [restartedMain] Starting Application using Java 11.0.13 on pop-os with PID 31017 (/home/aliocha/Workspace/M2S1/Project-DEVREP-2021/backend/target/classes started by aliocha in /home/aliocha/Workspace/M2S1/Project-DEVREP-2021/backend)
2022-01-26 15:25:49,148 INFO org.springframework.boot.SpringApplication [restartedMain] No active profile set, falling back to default profiles: default
2022-01-26 15:25:49,243 INFO org.springframework.boot.logging.DeferredLog [restartedMain] Devtools property defaults active! Set 'spring.devtools.add-properties' to 'false' to disable
2022-01-26 15:25:49,244 INFO org.springframework.boot.logging.DeferredLog [restartedMain] For additional web related logging consider setting the 'logging.level.web' property to 'DEBUG'
2022-01-26 15:25:50,511 INFO org.springframework.data.repository.config.RepositoryConfigurationDelegate [restartedMain] Bootstrapping Spring Data JPA repositories in DEFAULT mode.
2022-01-26 15:25:50,579 INFO org.springframework.data.repository.config.RepositoryConfigurationDelegate [restartedMain] Finished Spring Data repository scanning in 56 ms. Found 1 JPA repository interfaces.
2022-01-26 15:25:51,842 INFO org.springframework.boot.web.embedded.tomcat.TomcatWebServer [restartedMain] Tomcat initialized with port(s): 8082 (http)
2022-01-26 15:25:51,856 INFO org.apache.juli.logging.DirectJDKLog [restartedMain] Initializing ProtocolHandler ["http-nio-8082"]
2022-01-26 15:25:51,856 INFO org.apache.juli.logging.DirectJDKLog [restartedMain] Starting service [Tomcat]
2022-01-26 15:25:51,856 INFO org.apache.juli.logging.DirectJDKLog [restartedMain] Starting Servlet engine: [Apache Tomcat/9.0.55]
2022-01-26 15:25:51,946 INFO org.apache.juli.logging.DirectJDKLog [restartedMain] Initializing Spring embedded WebApplicationContext
2022-01-26 15:25:51,946 INFO org.springframework.boot.web.servlet.context.ServletWebServerApplicationContext [restartedMain] Root WebApplicationContext: initialization completed in 2700 ms
2022-01-26 15:25:52,164 INFO org.hibernate.jpa.internal.util.LogHelper [restartedMain] HHH000204: Processing PersistenceUnitInfo [name: default]
2022-01-26 15:25:52,223 INFO org.hibernate.Version [restartedMain] HHH000412: Hibernate ORM core version 5.6.1.Final
2022-01-26 15:25:52,354 INFO org.hibernate.annotations.common.reflection.java.JavaReflectionManager [restartedMain] HCANN000001: Hibernate Commons Annotations {5.1.2.Final}
2022-01-26 15:25:52,448 INFO com.zaxxer.hikari.HikariDataSource [restartedMain] HikariPool-1 - Starting...
2022-01-26 15:25:52,604 INFO com.zaxxer.hikari.HikariDataSource [restartedMain] HikariPool-1 - Start completed.
2022-01-26 15:25:52,620 INFO org.hibernate.dialect.Dialect [restartedMain] HHH000400: Using dialect: org.hibernate.dialect.MySQL5InnoDBDialect
2022-01-26 15:25:53,173 INFO org.hibernate.engine.transaction.jta.platform.internal.JtaPlatformInitiator [restartedMain] HHH000490: Using JtaPlatform implementation: [org.hibernate.engine.transaction.jta.platform.internal.NoJtaPlatform]
2022-01-26 15:25:53,183 INFO org.springframework.orm.jpa.AbstractEntityManagerFactoryBean [restartedMain] Initialized JPA EntityManagerFactory for persistence unit 'default'
2022-01-26 15:25:53,240 WARN org.springframework.boot.autoconfigure.orm.jpa.JpaBaseConfiguration$JpaWebConfiguration [restartedMain] spring.jpa.open-in-view is enabled by default. Therefore, database queries may be performed during view rendering. Explicitly configure spring.jpa.open-in-view to disable this warning
2022-01-26 15:25:53,626 INFO org.springframework.boot.autoconfigure.security.servlet.UserDetailsServiceAutoConfiguration [restartedMain] 

Using generated security password: 71ff3f4a-c5a8-43d5-9019-fc3c98162535

2022-01-26 15:25:53,759 INFO org.springframework.boot.autoconfigure.web.servlet.WelcomePageHandlerMapping [restartedMain] Adding welcome page: class path resource [public/index.html]
2022-01-26 15:25:53,841 INFO org.springframework.security.web.DefaultSecurityFilterChain [restartedMain] Will secure any request with [org.springframework.security.web.context.request.async.WebAsyncManagerIntegrationFilter@566a3807, org.springframework.security.web.context.SecurityContextPersistenceFilter@5ef8d7e2, org.springframework.security.web.header.HeaderWriterFilter@25ba8e4c, org.springframework.web.filter.CorsFilter@3b131035, org.springframework.security.web.authentication.logout.LogoutFilter@6dd59f58, org.springframework.security.web.authentication.www.BasicAuthenticationFilter@289455a2, org.springframework.security.web.savedrequest.RequestCacheAwareFilter@3eb385dd, org.springframework.security.web.servletapi.SecurityContextHolderAwareRequestFilter@45d2eb3f, org.springframework.security.web.authentication.AnonymousAuthenticationFilter@1a69a0af, org.springframework.security.web.session.SessionManagementFilter@1b30aab3, org.springframework.security.web.access.ExceptionTranslationFilter@22a216c, org.springframework.security.web.access.intercept.FilterSecurityInterceptor@d3ac5f2]
2022-01-26 15:25:54,049 INFO org.springframework.boot.devtools.autoconfigure.OptionalLiveReloadServer [restartedMain] LiveReload server is running on port 35729
2022-01-26 15:25:54,067 INFO org.apache.juli.logging.DirectJDKLog [restartedMain] Starting ProtocolHandler ["http-nio-8082"]
2022-01-26 15:25:54,079 INFO org.springframework.boot.web.embedded.tomcat.TomcatWebServer [restartedMain] Tomcat started on port(s): 8082 (http) with context path ''
2022-01-26 15:25:54,088 INFO org.springframework.boot.StartupInfoLogger [restartedMain] Started Application in 5.536 seconds (JVM running for 6.785)
2022-01-26 15:26:43,466 INFO org.apache.juli.logging.DirectJDKLog [http-nio-8082-exec-1] Initializing Spring DispatcherServlet 'dispatcherServlet'
2022-01-26 15:26:43,467 INFO org.springframework.web.servlet.FrameworkServlet [http-nio-8082-exec-1] Initializing Servlet 'dispatcherServlet'
2022-01-26 15:26:43,468 INFO org.springframework.web.servlet.FrameworkServlet [http-nio-8082-exec-1] Completed initialization in 1 ms
2022-01-26 15:26:43,591 INFO fr.su.bankapp.controller.ClientController [http-nio-8082-exec-1] Reading client with email aliocha.amerge@gmail.com from database.
2022-01-26 15:26:43,633 INFO fr.su.bankapp.controller.ClientController [http-nio-8082-exec-1] Client with email aliocha.amerge@gmail.com
2022-01-26 15:26:54,735 INFO fr.su.bankapp.controller.ClientController [http-nio-8082-exec-2] Reading client with email aliocha.amerge@gmail.com from database.
2022-01-26 15:26:54,742 INFO fr.su.bankapp.controller.ClientController [http-nio-8082-exec-2] Client with email aliocha.amerge@gmail.com
2022-01-26 15:31:08,464 WARN org.springframework.web.servlet.handler.AbstractHandlerExceptionResolver [http-nio-8082-exec-7] Resolved [org.springframework.web.HttpMediaTypeNotSupportedException: Content type 'multipart/form-data;boundary=--------------------------962085364048742651392445;charset=UTF-8' not supported]
2022-01-26 15:31:37,591 WARN org.springframework.web.servlet.handler.AbstractHandlerExceptionResolver [http-nio-8082-exec-8] Resolved [org.springframework.web.HttpMediaTypeNotSupportedException: Content type 'text/plain;charset=UTF-8' not supported]
2022-01-26 15:31:47,434 WARN org.springframework.web.servlet.handler.AbstractHandlerExceptionResolver [http-nio-8082-exec-9] Resolved [org.springframework.web.HttpMediaTypeNotSupportedException: Content type 'multipart/form-data;boundary=--------------------------682270533947935251860561;charset=UTF-8' not supported]
2022-01-26 15:32:06,209 INFO fr.su.bankapp.controller.ClientController [http-nio-8082-exec-10]  account 1 depositing 42069.0 from his account
2022-01-26 15:32:15,591 INFO fr.su.bankapp.controller.ClientController [http-nio-8082-exec-2] Reading client with email aliocha.amerge@gmail.com from database.
2022-01-26 15:32:15,594 INFO fr.su.bankapp.controller.ClientController [http-nio-8082-exec-2] Client with email aliocha.amerge@gmail.com
2022-01-26 15:44:48,833 INFO fr.su.bankapp.controller.ClientController [http-nio-8082-exec-6] Withdraw : 1
2022-01-26 15:44:48,849 INFO fr.su.bankapp.controller.ClientController [http-nio-8082-exec-6]  account 1 withdrawing 41000.0 from his account
2022-01-26 15:44:52,482 INFO fr.su.bankapp.controller.ClientController [http-nio-8082-exec-7] Reading client with email aliocha.amerge@gmail.com from database.
2022-01-26 15:44:52,487 INFO fr.su.bankapp.controller.ClientController [http-nio-8082-exec-7] Client with email aliocha.amerge@gmail.com
2022-01-26 15:45:00,969 INFO fr.su.bankapp.controller.ClientController [http-nio-8082-exec-8] Withdraw : 1
2022-01-26 15:45:00,996 INFO fr.su.bankapp.controller.ClientController [http-nio-8082-exec-8]  account 1 withdrawing 1000.0 from his account
2022-01-26 15:45:05,585 INFO fr.su.bankapp.controller.ClientController [http-nio-8082-exec-9] Withdraw : 1
2022-01-26 15:45:05,601 INFO fr.su.bankapp.controller.ClientController [http-nio-8082-exec-9]  account 1 withdrawing 69.0 from his account
2022-01-26 15:45:07,204 INFO fr.su.bankapp.controller.ClientController [http-nio-8082-exec-10] Reading client with email aliocha.amerge@gmail.com from database.
2022-01-26 15:45:07,218 INFO fr.su.bankapp.controller.ClientController [http-nio-8082-exec-10] Client with email aliocha.amerge@gmail.com
2022-01-26 15:45:25,654 INFO fr.su.bankapp.controller.ClientController [http-nio-8082-exec-1]  account 1 depositing 427.0 from his account
2022-01-26 15:45:27,417 INFO fr.su.bankapp.controller.ClientController [http-nio-8082-exec-2] Reading client with email aliocha.amerge@gmail.com from database.
2022-01-26 15:45:27,430 INFO fr.su.bankapp.controller.ClientController [http-nio-8082-exec-2] Client with email aliocha.amerge@gmail.com
2022-01-26 16:00:52,121 INFO fr.su.bankapp.controller.ClientController [http-nio-8082-exec-5] Reading client with email aliocha.amerge@gmail.com from database.
2022-01-26 16:00:52,128 INFO fr.su.bankapp.controller.ClientController [http-nio-8082-exec-5] Client with email aliocha.amerge@gmail.com
