2022-01-11 20:51:27,390 INFO org.springframework.boot.StartupInfoLogger [restartedMain] Starting Application using Java 11.0.13 on pop-os with PID 15562 (/home/aliocha/Workspace/M2S1/Project-DEVREP-2021/backend/target/classes started by aliocha in /home/aliocha/Workspace/M2S1/Project-DEVREP-2021)
2022-01-11 20:51:27,395 INFO org.springframework.boot.SpringApplication [restartedMain] No active profile set, falling back to default profiles: default
2022-01-11 20:51:27,493 INFO org.springframework.boot.logging.DeferredLog [restartedMain] Devtools property defaults active! Set 'spring.devtools.add-properties' to 'false' to disable
2022-01-11 20:51:27,494 INFO org.springframework.boot.logging.DeferredLog [restartedMain] For additional web related logging consider setting the 'logging.level.web' property to 'DEBUG'
2022-01-11 20:51:28,711 INFO org.springframework.data.repository.config.RepositoryConfigurationDelegate [restartedMain] Bootstrapping Spring Data JPA repositories in DEFAULT mode.
2022-01-11 20:51:28,787 INFO org.springframework.data.repository.config.RepositoryConfigurationDelegate [restartedMain] Finished Spring Data repository scanning in 63 ms. Found 1 JPA repository interfaces.
2022-01-11 20:51:29,524 INFO org.springframework.boot.web.embedded.tomcat.TomcatWebServer [restartedMain] Tomcat initialized with port(s): 8082 (http)
2022-01-11 20:51:29,536 INFO org.apache.juli.logging.DirectJDKLog [restartedMain] Initializing ProtocolHandler ["http-nio-8082"]
2022-01-11 20:51:29,537 INFO org.apache.juli.logging.DirectJDKLog [restartedMain] Starting service [Tomcat]
2022-01-11 20:51:29,538 INFO org.apache.juli.logging.DirectJDKLog [restartedMain] Starting Servlet engine: [Apache Tomcat/9.0.55]
2022-01-11 20:51:29,643 INFO org.apache.juli.logging.DirectJDKLog [restartedMain] Initializing Spring embedded WebApplicationContext
2022-01-11 20:51:29,644 INFO org.springframework.boot.web.servlet.context.ServletWebServerApplicationContext [restartedMain] Root WebApplicationContext: initialization completed in 2148 ms
2022-01-11 20:51:29,887 INFO org.hibernate.jpa.internal.util.LogHelper [restartedMain] HHH000204: Processing PersistenceUnitInfo [name: default]
2022-01-11 20:51:29,959 INFO org.hibernate.Version [restartedMain] HHH000412: Hibernate ORM core version 5.6.1.Final
2022-01-11 20:51:30,143 INFO org.hibernate.annotations.common.reflection.java.JavaReflectionManager [restartedMain] HCANN000001: Hibernate Commons Annotations {5.1.2.Final}
2022-01-11 20:51:30,311 INFO com.zaxxer.hikari.HikariDataSource [restartedMain] HikariPool-1 - Starting...
2022-01-11 20:51:30,553 INFO com.zaxxer.hikari.HikariDataSource [restartedMain] HikariPool-1 - Start completed.
2022-01-11 20:51:30,571 INFO org.hibernate.dialect.Dialect [restartedMain] HHH000400: Using dialect: org.hibernate.dialect.MySQL5InnoDBDialect
2022-01-11 20:51:31,240 INFO org.hibernate.engine.transaction.jta.platform.internal.JtaPlatformInitiator [restartedMain] HHH000490: Using JtaPlatform implementation: [org.hibernate.engine.transaction.jta.platform.internal.NoJtaPlatform]
2022-01-11 20:51:31,250 INFO org.springframework.orm.jpa.AbstractEntityManagerFactoryBean [restartedMain] Initialized JPA EntityManagerFactory for persistence unit 'default'
2022-01-11 20:51:31,354 WARN org.springframework.boot.autoconfigure.orm.jpa.JpaBaseConfiguration$JpaWebConfiguration [restartedMain] spring.jpa.open-in-view is enabled by default. Therefore, database queries may be performed during view rendering. Explicitly configure spring.jpa.open-in-view to disable this warning
2022-01-11 20:51:31,959 INFO org.springframework.boot.autoconfigure.security.servlet.UserDetailsServiceAutoConfiguration [restartedMain] 

Using generated security password: 2f0bdb7b-c779-492f-9c9e-547abc3bea10

2022-01-11 20:51:32,184 INFO org.springframework.boot.autoconfigure.web.servlet.WelcomePageHandlerMapping [restartedMain] Adding welcome page: class path resource [public/index.html]
2022-01-11 20:51:32,343 INFO org.springframework.security.web.DefaultSecurityFilterChain [restartedMain] Will secure any request with [org.springframework.security.web.context.request.async.WebAsyncManagerIntegrationFilter@2106e19b, org.springframework.security.web.context.SecurityContextPersistenceFilter@6d7e801b, org.springframework.security.web.header.HeaderWriterFilter@9d1fdd0, org.springframework.web.filter.CorsFilter@47af60bb, org.springframework.security.web.authentication.logout.LogoutFilter@31adee00, org.springframework.security.web.authentication.www.BasicAuthenticationFilter@4e44e7d3, org.springframework.security.web.savedrequest.RequestCacheAwareFilter@178ae0a8, org.springframework.security.web.servletapi.SecurityContextHolderAwareRequestFilter@23a1e924, org.springframework.security.web.authentication.AnonymousAuthenticationFilter@4b27c6a4, org.springframework.security.web.session.SessionManagementFilter@4f7cede1, org.springframework.security.web.access.ExceptionTranslationFilter@7721de70, org.springframework.security.web.access.intercept.FilterSecurityInterceptor@7595d4d3]
2022-01-11 20:51:32,624 INFO org.springframework.boot.devtools.autoconfigure.OptionalLiveReloadServer [restartedMain] LiveReload server is running on port 35729
2022-01-11 20:51:32,642 INFO org.apache.juli.logging.DirectJDKLog [restartedMain] Starting ProtocolHandler ["http-nio-8082"]
2022-01-11 20:51:32,664 INFO org.springframework.boot.web.embedded.tomcat.TomcatWebServer [restartedMain] Tomcat started on port(s): 8082 (http) with context path ''
2022-01-11 20:51:32,680 INFO org.springframework.boot.StartupInfoLogger [restartedMain] Started Application in 6.06 seconds (JVM running for 7.019)
2022-01-11 20:51:50,178 INFO org.springframework.orm.jpa.AbstractEntityManagerFactoryBean [SpringApplicationShutdownHook] Closing JPA EntityManagerFactory for persistence unit 'default'
2022-01-11 20:51:50,184 INFO com.zaxxer.hikari.HikariDataSource [SpringApplicationShutdownHook] HikariPool-1 - Shutdown initiated...
2022-01-11 20:51:50,213 INFO com.zaxxer.hikari.HikariDataSource [SpringApplicationShutdownHook] HikariPool-1 - Shutdown completed.
